<html>
<head>
<title>TestNG:  Test</title>
<link href="../testng.css" rel="stylesheet" type="text/css" />
<link href="../my-testng.css" rel="stylesheet" type="text/css" />

<style type="text/css">
.log { display: none;} 
.stack-trace { display: none;} 
</style>
<script type="text/javascript">
<!--
function flip(e) {
  current = e.style.display;
  if (current == 'block') {
    e.style.display = 'none';
    return 0;
  }
  else {
    e.style.display = 'block';
    return 1;
  }
}

function toggleBox(szDivId, elem, msg1, msg2)
{
  var res = -1;  if (document.getElementById) {
    res = flip(document.getElementById(szDivId));
  }
  else if (document.all) {
    // this is the way old msie versions work
    res = flip(document.all[szDivId]);
  }
  if(elem) {
    if(res == 0) elem.innerHTML = msg1; else elem.innerHTML = msg2;
  }

}

function toggleAllBoxes() {
  if (document.getElementsByTagName) {
    d = document.getElementsByTagName('div');
    for (i = 0; i < d.length; i++) {
      if (d[i].className == 'log') {
        flip(d[i]);
      }
    }
  }
}

// -->
</script>

</head>
<body>
<h2 align='center'>Test</h2><table border='1' align="center">
<tr>
<td>Tests passed/Failed/Skipped:</td><td>37/2/2</td>
</tr><tr>
<td>Started on:</td><td>Thu Jun 23 08:38:24 IST 2022</td>
</tr>
<tr><td>Total time:</td><td>54 seconds (54973 ms)</td>
</tr><tr>
<td>Included groups:</td><td></td>
</tr><tr>
<td>Excluded groups:</td><td></td>
</tr>
</table><p/>
<small><i>(Hover the method name to see the test class name)</i></small><p/>
<table width='100%' border='1' class='invocation-failed'>
<tr><td colspan='4' align='center'><b>FAILED TESTS</b></td></tr>
<tr><td><b>Test method</b></td>
<td width="30%"><b>Exception</b></td>
<td width="10%"><b>Time (seconds)</b></td>
<td><b>Instance</b></td>
</tr>
<tr>
<td title='day11.TestNGsamples.Example_Parameter6.checkNotification()'><b>checkNotification</b><br>Test class: day11.TestNGsamples.Example_Parameter6</td>
<td><div><pre>org.testng.internal.thread.ThreadTimeoutException: Method org.testng.internal.TestNGMethod.checkNotification() didn&apos;t finish within the time-out 2000
</pre></div><a href='#' onClick='toggleBox("stack-trace984412970", this, "Click to show all stack frames", "Click to hide stack frames")'>Click to show all stack frames</a>
<div class='stack-trace' id='stack-trace984412970'><pre>org.testng.internal.thread.ThreadTimeoutException: Method org.testng.internal.TestNGMethod.checkNotification() didn&apos;t finish within the time-out 2000
</pre></div></td>
<td>2</td>
<td>day11.TestNGsamples.Example_Parameter6@6107227e</td></tr>
<tr>
<td title='day11.TestNGsamples.Example_Parameter4.signIn()'><b>signIn</b><br>Test class: day11.TestNGsamples.Example_Parameter4</td>
<td><div><pre>java.lang.ArithmeticException: / by zero
	at day11.TestNGsamples.Example_Parameter4.signIn(Example_Parameter4.java:18)
... Removed 24 stack frames</pre></div><a href='#' onClick='toggleBox("stack-trace317071334", this, "Click to show all stack frames", "Click to hide stack frames")'>Click to show all stack frames</a>
<div class='stack-trace' id='stack-trace317071334'><pre>java.lang.ArithmeticException: / by zero
	at day11.TestNGsamples.Example_Parameter4.signIn(Example_Parameter4.java:18)
	at sun.reflect.NativeMethodAccessorImpl.invoke0(Native Method)
	at sun.reflect.NativeMethodAccessorImpl.invoke(Unknown Source)
	at sun.reflect.DelegatingMethodAccessorImpl.invoke(Unknown Source)
	at java.lang.reflect.Method.invoke(Unknown Source)
	at org.testng.internal.MethodInvocationHelper.invokeMethod(MethodInvocationHelper.java:85)
	at org.testng.internal.Invoker.invokeMethod(Invoker.java:639)
	at org.testng.internal.Invoker.invokeTestMethod(Invoker.java:816)
	at org.testng.internal.Invoker.invokeTestMethods(Invoker.java:1124)
	at org.testng.internal.TestMethodWorker.invokeTestMethods(TestMethodWorker.java:125)
	at org.testng.internal.TestMethodWorker.run(TestMethodWorker.java:108)
	at org.testng.TestRunner.privateRun(TestRunner.java:774)
	at org.testng.TestRunner.run(TestRunner.java:624)
	at org.testng.SuiteRunner.runTest(SuiteRunner.java:359)
	at org.testng.SuiteRunner.runSequentially(SuiteRunner.java:354)
	at org.testng.SuiteRunner.privateRun(SuiteRunner.java:312)
	at org.testng.SuiteRunner.run(SuiteRunner.java:261)
	at org.testng.SuiteRunnerWorker.runSuite(SuiteRunnerWorker.java:52)
	at org.testng.SuiteRunnerWorker.run(SuiteRunnerWorker.java:86)
	at org.testng.TestNG.runSuitesSequentially(TestNG.java:1215)
	at org.testng.TestNG.runSuitesLocally(TestNG.java:1140)
	at org.testng.TestNG.run(TestNG.java:1048)
	at org.testng.remote.AbstractRemoteTestNG.run(AbstractRemoteTestNG.java:115)
	at org.testng.remote.RemoteTestNG.initAndRun(RemoteTestNG.java:251)
	at org.testng.remote.RemoteTestNG.main(RemoteTestNG.java:77)
</pre></div></td>
<td>0</td>
<td>day11.TestNGsamples.Example_Parameter4@3e3047e6</td></tr>
</table><p>
<table width='100%' border='1' class='invocation-passed'>
<tr><td colspan='4' align='center'><b>PASSED TESTS</b></td></tr>
<tr><td><b>Test method</b></td>
<td width="30%"><b>Exception</b></td>
<td width="10%"><b>Time (seconds)</b></td>
<td><b>Instance</b></td>
</tr>
<tr>
<td title='day11.TestNGsamples.Example_Parameter5.checkNotification()'><b>checkNotification</b><br>Test class: day11.TestNGsamples.Example_Parameter5</td>
<td></td>
<td>0</td>
<td>day11.TestNGsamples.Example_Parameter5@2b6856dd</td></tr>
<tr>
<td title='day11.TestNGsamples.Example_Annotations2.createTask()'><b>createTask</b><br>Test class: day11.TestNGsamples.Example_Annotations2</td>
<td></td>
<td>0</td>
<td>day11.TestNGsamples.Example_Annotations2@13acb0d1</td></tr>
<tr>
<td title='day11.TestNGsamples.Example_Annotations1.createTask()'><b>createTask</b><br>Test class: day11.TestNGsamples.Example_Annotations1</td>
<td></td>
<td>0</td>
<td>day11.TestNGsamples.Example_Annotations1@3c153a1</td></tr>
<tr>
<td title='day11.TestNGsamples.Example_Annotations3.createTask()'><b>createTask</b><br>Test class: day11.TestNGsamples.Example_Annotations3</td>
<td></td>
<td>0</td>
<td>day11.TestNGsamples.Example_Annotations3@b62fe6d</td></tr>
<tr>
<td title='day11.TestNGsamples.Example_Parameter7.login()'><b>login</b><br>Test class: day11.TestNGsamples.Example_Parameter7<br>Test method: Checking login functionality of Actitime application</td>
<td></td>
<td>0</td>
<td>day11.TestNGsamples.Example_Parameter7@15761df8</td></tr>
<tr>
<td title='day11.TestNGsamples.Example_Parameter2.login()'><b>login</b><br>Test class: day11.TestNGsamples.Example_Parameter2</td>
<td></td>
<td>0</td>
<td>day11.TestNGsamples.Example_Parameter2@3745e5c6</td></tr>
<tr>
<td title='day11.TestNGsamples.Example_Parameter5.login()'><b>login</b><br>Test class: day11.TestNGsamples.Example_Parameter5</td>
<td></td>
<td>0</td>
<td>day11.TestNGsamples.Example_Parameter5@2b6856dd</td></tr>
<tr>
<td title='day11.TestNGsamples.Example_Parameter6.login()'><b>login</b><br>Test class: day11.TestNGsamples.Example_Parameter6</td>
<td></td>
<td>0</td>
<td>day11.TestNGsamples.Example_Parameter6@6107227e</td></tr>
<tr>
<td title='day11.TestNGsamples.Example8.loginLogoutInActitimeApplication()'><b>loginLogoutInActitimeApplication</b><br>Test class: day11.TestNGsamples.Example8</td>
<td></td>
<td>25</td>
<td>day11.TestNGsamples.Example8@19d37183</td></tr>
<tr>
<td title='day11.TestNGsamples.Example7.loginLogoutInActitimeApplication()'><b>loginLogoutInActitimeApplication</b><br>Test class: day11.TestNGsamples.Example7</td>
<td></td>
<td>17</td>
<td>day11.TestNGsamples.Example7@1a0dcaa</td></tr>
<tr>
<td title='day11.TestNGsamples.Example7.loginPageValidationInActitimeApplication()'><b>loginPageValidationInActitimeApplication</b><br>Test class: day11.TestNGsamples.Example7</td>
<td></td>
<td>7</td>
<td>day11.TestNGsamples.Example7@1a0dcaa</td></tr>
<tr>
<td title='day11.TestNGsamples.Example_Parameter2.logout()'><b>logout</b><br>Test class: day11.TestNGsamples.Example_Parameter2</td>
<td></td>
<td>0</td>
<td>day11.TestNGsamples.Example_Parameter2@3745e5c6</td></tr>
<tr>
<td title='day11.TestNGsamples.Example_Parameter1.param1()'><b>param1</b><br>Test class: day11.TestNGsamples.Example_Parameter1</td>
<td></td>
<td>0</td>
<td>day11.TestNGsamples.Example_Parameter1@45dd4eda</td></tr>
<tr>
<td title='day11.TestNGsamples.Example_Parameter1.param1()'><b>param1</b><br>Test class: day11.TestNGsamples.Example_Parameter1</td>
<td></td>
<td>0</td>
<td>day11.TestNGsamples.Example_Parameter1@45dd4eda</td></tr>
<tr>
<td title='day11.TestNGsamples.Example_Parameter1.param1()'><b>param1</b><br>Test class: day11.TestNGsamples.Example_Parameter1</td>
<td></td>
<td>0</td>
<td>day11.TestNGsamples.Example_Parameter1@45dd4eda</td></tr>
<tr>
<td title='day11.TestNGsamples.Example_Parameter1.param1()'><b>param1</b><br>Test class: day11.TestNGsamples.Example_Parameter1</td>
<td></td>
<td>0</td>
<td>day11.TestNGsamples.Example_Parameter1@45dd4eda</td></tr>
<tr>
<td title='day11.TestNGsamples.Example_Parameter1.param1()'><b>param1</b><br>Test class: day11.TestNGsamples.Example_Parameter1</td>
<td></td>
<td>0</td>
<td>day11.TestNGsamples.Example_Parameter1@45dd4eda</td></tr>
<tr>
<td title='day11.TestNGsamples.Example_Parameter1.param1()'><b>param1</b><br>Test class: day11.TestNGsamples.Example_Parameter1</td>
<td></td>
<td>0</td>
<td>day11.TestNGsamples.Example_Parameter1@45dd4eda</td></tr>
<tr>
<td title='day11.TestNGsamples.Example_Parameter1.param1()'><b>param1</b><br>Test class: day11.TestNGsamples.Example_Parameter1</td>
<td></td>
<td>0</td>
<td>day11.TestNGsamples.Example_Parameter1@45dd4eda</td></tr>
<tr>
<td title='day11.TestNGsamples.Example_Parameter1.param1()'><b>param1</b><br>Test class: day11.TestNGsamples.Example_Parameter1</td>
<td></td>
<td>0</td>
<td>day11.TestNGsamples.Example_Parameter1@45dd4eda</td></tr>
<tr>
<td title='day11.TestNGsamples.Example_Parameter1.param1()'><b>param1</b><br>Test class: day11.TestNGsamples.Example_Parameter1</td>
<td></td>
<td>0</td>
<td>day11.TestNGsamples.Example_Parameter1@45dd4eda</td></tr>
<tr>
<td title='day11.TestNGsamples.Example_Parameter1.param1()'><b>param1</b><br>Test class: day11.TestNGsamples.Example_Parameter1</td>
<td></td>
<td>0</td>
<td>day11.TestNGsamples.Example_Parameter1@45dd4eda</td></tr>
<tr>
<td title='day11.TestNGsamples.Example_Parameter3.param1()'><b>param1</b><br>Test class: day11.TestNGsamples.Example_Parameter3</td>
<td></td>
<td>0</td>
<td>day11.TestNGsamples.Example_Parameter3@71c8becc</td></tr>
<tr>
<td title='day11.TestNGsamples.Example_Parameter3.param3()'><b>param3</b><br>Test class: day11.TestNGsamples.Example_Parameter3</td>
<td></td>
<td>0</td>
<td>day11.TestNGsamples.Example_Parameter3@71c8becc</td></tr>
<tr>
<td title='day11.TestNGsamples.Example_Parameter2.sendEmail()'><b>sendEmail</b><br>Test class: day11.TestNGsamples.Example_Parameter2</td>
<td></td>
<td>0</td>
<td>day11.TestNGsamples.Example_Parameter2@3745e5c6</td></tr>
<tr>
<td title='day11.TestNGsamples.Example_Parameter5.signIn()'><b>signIn</b><br>Test class: day11.TestNGsamples.Example_Parameter5</td>
<td><div><pre>java.lang.ArithmeticException: / by zero
	at day11.TestNGsamples.Example_Parameter5.signIn(Example_Parameter5.java:17)
... Removed 24 stack frames</pre></div><a href='#' onClick='toggleBox("stack-trace1472465", this, "Click to show all stack frames", "Click to hide stack frames")'>Click to show all stack frames</a>
<div class='stack-trace' id='stack-trace1472465'><pre>java.lang.ArithmeticException: / by zero
	at day11.TestNGsamples.Example_Parameter5.signIn(Example_Parameter5.java:17)
	at sun.reflect.NativeMethodAccessorImpl.invoke0(Native Method)
	at sun.reflect.NativeMethodAccessorImpl.invoke(Unknown Source)
	at sun.reflect.DelegatingMethodAccessorImpl.invoke(Unknown Source)
	at java.lang.reflect.Method.invoke(Unknown Source)
	at org.testng.internal.MethodInvocationHelper.invokeMethod(MethodInvocationHelper.java:85)
	at org.testng.internal.Invoker.invokeMethod(Invoker.java:639)
	at org.testng.internal.Invoker.invokeTestMethod(Invoker.java:816)
	at org.testng.internal.Invoker.invokeTestMethods(Invoker.java:1124)
	at org.testng.internal.TestMethodWorker.invokeTestMethods(TestMethodWorker.java:125)
	at org.testng.internal.TestMethodWorker.run(TestMethodWorker.java:108)
	at org.testng.TestRunner.privateRun(TestRunner.java:774)
	at org.testng.TestRunner.run(TestRunner.java:624)
	at org.testng.SuiteRunner.runTest(SuiteRunner.java:359)
	at org.testng.SuiteRunner.runSequentially(SuiteRunner.java:354)
	at org.testng.SuiteRunner.privateRun(SuiteRunner.java:312)
	at org.testng.SuiteRunner.run(SuiteRunner.java:261)
	at org.testng.SuiteRunnerWorker.runSuite(SuiteRunnerWorker.java:52)
	at org.testng.SuiteRunnerWorker.run(SuiteRunnerWorker.java:86)
	at org.testng.TestNG.runSuitesSequentially(TestNG.java:1215)
	at org.testng.TestNG.runSuitesLocally(TestNG.java:1140)
	at org.testng.TestNG.run(TestNG.java:1048)
	at org.testng.remote.AbstractRemoteTestNG.run(AbstractRemoteTestNG.java:115)
	at org.testng.remote.RemoteTestNG.initAndRun(RemoteTestNG.java:251)
	at org.testng.remote.RemoteTestNG.main(RemoteTestNG.java:77)
</pre></div></td>
<td>0</td>
<td>day11.TestNGsamples.Example_Parameter5@2b6856dd</td></tr>
<tr>
<td title='day11.TestNGsamples.Example_Parameter6.signIn()'><b>signIn</b><br>Test class: day11.TestNGsamples.Example_Parameter6</td>
<td><div><pre>java.lang.ArithmeticException: / by zero
	at day11.TestNGsamples.Example_Parameter6.signIn(Example_Parameter6.java:23)
... Removed 24 stack frames</pre></div><a href='#' onClick='toggleBox("stack-trace1791045777", this, "Click to show all stack frames", "Click to hide stack frames")'>Click to show all stack frames</a>
<div class='stack-trace' id='stack-trace1791045777'><pre>java.lang.ArithmeticException: / by zero
	at day11.TestNGsamples.Example_Parameter6.signIn(Example_Parameter6.java:23)
	at sun.reflect.NativeMethodAccessorImpl.invoke0(Native Method)
	at sun.reflect.NativeMethodAccessorImpl.invoke(Unknown Source)
	at sun.reflect.DelegatingMethodAccessorImpl.invoke(Unknown Source)
	at java.lang.reflect.Method.invoke(Unknown Source)
	at org.testng.internal.MethodInvocationHelper.invokeMethod(MethodInvocationHelper.java:85)
	at org.testng.internal.Invoker.invokeMethod(Invoker.java:639)
	at org.testng.internal.Invoker.invokeTestMethod(Invoker.java:816)
	at org.testng.internal.Invoker.invokeTestMethods(Invoker.java:1124)
	at org.testng.internal.TestMethodWorker.invokeTestMethods(TestMethodWorker.java:125)
	at org.testng.internal.TestMethodWorker.run(TestMethodWorker.java:108)
	at org.testng.TestRunner.privateRun(TestRunner.java:774)
	at org.testng.TestRunner.run(TestRunner.java:624)
	at org.testng.SuiteRunner.runTest(SuiteRunner.java:359)
	at org.testng.SuiteRunner.runSequentially(SuiteRunner.java:354)
	at org.testng.SuiteRunner.privateRun(SuiteRunner.java:312)
	at org.testng.SuiteRunner.run(SuiteRunner.java:261)
	at org.testng.SuiteRunnerWorker.runSuite(SuiteRunnerWorker.java:52)
	at org.testng.SuiteRunnerWorker.run(SuiteRunnerWorker.java:86)
	at org.testng.TestNG.runSuitesSequentially(TestNG.java:1215)
	at org.testng.TestNG.runSuitesLocally(TestNG.java:1140)
	at org.testng.TestNG.run(TestNG.java:1048)
	at org.testng.remote.AbstractRemoteTestNG.run(AbstractRemoteTestNG.java:115)
	at org.testng.remote.RemoteTestNG.initAndRun(RemoteTestNG.java:251)
	at org.testng.remote.RemoteTestNG.main(RemoteTestNG.java:77)
</pre></div></td>
<td>0</td>
<td>day11.TestNGsamples.Example_Parameter6@6107227e</td></tr>
<tr>
<td title='day11.TestNGsamples.Example2.testCase2()'><b>testCase2</b><br>Test class: day11.TestNGsamples.Example2</td>
<td></td>
<td>0</td>
<td>day11.TestNGsamples.Example2@5e4c8041</td></tr>
<tr>
<td title='day11.TestNGsamples.Example3.testCase3()'><b>testCase3</b><br>Test class: day11.TestNGsamples.Example3</td>
<td></td>
<td>2</td>
<td>day11.TestNGsamples.Example3@60611244</td></tr>
<tr>
<td title='day11.TestNGsamples.Example4.testCase4()'><b>testCase4</b><br>Test class: day11.TestNGsamples.Example4</td>
<td></td>
<td>0</td>
<td>day11.TestNGsamples.Example4@327b636c</td></tr>
<tr>
<td title='day11.TestNGsamples.Example5.testCase5()'><b>testCase5</b><br>Test class: day11.TestNGsamples.Example5</td>
<td></td>
<td>0</td>
<td>day11.TestNGsamples.Example5@6ab7a896</td></tr>
<tr>
<td title='day11.TestNGsamples.Example5.testCase6()'><b>testCase6</b><br>Test class: day11.TestNGsamples.Example5</td>
<td></td>
<td>0</td>
<td>day11.TestNGsamples.Example5@6ab7a896</td></tr>
<tr>
<td title='day11.TestNGsamples.Example6.testCase7()'><b>testCase7</b><br>Test class: day11.TestNGsamples.Example6</td>
<td></td>
<td>0</td>
<td>day11.TestNGsamples.Example6@3bd40a57</td></tr>
<tr>
<td title='day11.TestNGsamples.Example6.testCase8()'><b>testCase8</b><br>Test class: day11.TestNGsamples.Example6</td>
<td></td>
<td>0</td>
<td>day11.TestNGsamples.Example6@3bd40a57</td></tr>
<tr>
<td title='day11.TestNGsamples.Example_Annotations2.verifyLogin()'><b>verifyLogin</b><br>Test class: day11.TestNGsamples.Example_Annotations2</td>
<td></td>
<td>0</td>
<td>day11.TestNGsamples.Example_Annotations2@13acb0d1</td></tr>
<tr>
<td title='day11.TestNGsamples.Example_Annotations1.verifyLogin()'><b>verifyLogin</b><br>Test class: day11.TestNGsamples.Example_Annotations1</td>
<td></td>
<td>0</td>
<td>day11.TestNGsamples.Example_Annotations1@3c153a1</td></tr>
<tr>
<td title='day11.TestNGsamples.Example_Annotations3.verifyLogin()'><b>verifyLogin</b><br>Test class: day11.TestNGsamples.Example_Annotations3</td>
<td></td>
<td>0</td>
<td>day11.TestNGsamples.Example_Annotations3@b62fe6d</td></tr>
</table><p>
<table width='100%' border='1' class='invocation-skipped'>
<tr><td colspan='4' align='center'><b>SKIPPED TESTS</b></td></tr>
<tr><td><b>Test method</b></td>
<td width="30%"><b>Exception</b></td>
<td width="10%"><b>Time (seconds)</b></td>
<td><b>Instance</b></td>
</tr>
<tr>
<td title='day11.TestNGsamples.Example_Parameter4.checkNotification()'><b>checkNotification</b><br>Test class: day11.TestNGsamples.Example_Parameter4</td>
<td><div><pre>java.lang.Throwable: Method Example_Parameter4.checkNotification()[pri:0, instance:day11.TestNGsamples.Example_Parameter4@3e3047e6] depends on not successfully finished methods
... Removed 17 stack frames</pre></div><a href='#' onClick='toggleBox("stack-trace1223050066", this, "Click to show all stack frames", "Click to hide stack frames")'>Click to show all stack frames</a>
<div class='stack-trace' id='stack-trace1223050066'><pre>java.lang.Throwable: Method Example_Parameter4.checkNotification()[pri:0, instance:day11.TestNGsamples.Example_Parameter4@3e3047e6] depends on not successfully finished methods
	at org.testng.internal.Invoker.invokeTestMethods(Invoker.java:1033)
	at org.testng.internal.TestMethodWorker.invokeTestMethods(TestMethodWorker.java:125)
	at org.testng.internal.TestMethodWorker.run(TestMethodWorker.java:108)
	at org.testng.TestRunner.privateRun(TestRunner.java:774)
	at org.testng.TestRunner.run(TestRunner.java:624)
	at org.testng.SuiteRunner.runTest(SuiteRunner.java:359)
	at org.testng.SuiteRunner.runSequentially(SuiteRunner.java:354)
	at org.testng.SuiteRunner.privateRun(SuiteRunner.java:312)
	at org.testng.SuiteRunner.run(SuiteRunner.java:261)
	at org.testng.SuiteRunnerWorker.runSuite(SuiteRunnerWorker.java:52)
	at org.testng.SuiteRunnerWorker.run(SuiteRunnerWorker.java:86)
	at org.testng.TestNG.runSuitesSequentially(TestNG.java:1215)
	at org.testng.TestNG.runSuitesLocally(TestNG.java:1140)
	at org.testng.TestNG.run(TestNG.java:1048)
	at org.testng.remote.AbstractRemoteTestNG.run(AbstractRemoteTestNG.java:115)
	at org.testng.remote.RemoteTestNG.initAndRun(RemoteTestNG.java:251)
	at org.testng.remote.RemoteTestNG.main(RemoteTestNG.java:77)
</pre></div></td>
<td>0</td>
<td>null</td></tr>
<tr>
<td title='day11.TestNGsamples.Example_Parameter4.login()'><b>login</b><br>Test class: day11.TestNGsamples.Example_Parameter4</td>
<td><div><pre>java.lang.Throwable: Method Example_Parameter4.login()[pri:0, instance:day11.TestNGsamples.Example_Parameter4@3e3047e6] depends on not successfully finished methods
... Removed 17 stack frames</pre></div><a href='#' onClick='toggleBox("stack-trace677317086", this, "Click to show all stack frames", "Click to hide stack frames")'>Click to show all stack frames</a>
<div class='stack-trace' id='stack-trace677317086'><pre>java.lang.Throwable: Method Example_Parameter4.login()[pri:0, instance:day11.TestNGsamples.Example_Parameter4@3e3047e6] depends on not successfully finished methods
	at org.testng.internal.Invoker.invokeTestMethods(Invoker.java:1033)
	at org.testng.internal.TestMethodWorker.invokeTestMethods(TestMethodWorker.java:125)
	at org.testng.internal.TestMethodWorker.run(TestMethodWorker.java:108)
	at org.testng.TestRunner.privateRun(TestRunner.java:774)
	at org.testng.TestRunner.run(TestRunner.java:624)
	at org.testng.SuiteRunner.runTest(SuiteRunner.java:359)
	at org.testng.SuiteRunner.runSequentially(SuiteRunner.java:354)
	at org.testng.SuiteRunner.privateRun(SuiteRunner.java:312)
	at org.testng.SuiteRunner.run(SuiteRunner.java:261)
	at org.testng.SuiteRunnerWorker.runSuite(SuiteRunnerWorker.java:52)
	at org.testng.SuiteRunnerWorker.run(SuiteRunnerWorker.java:86)
	at org.testng.TestNG.runSuitesSequentially(TestNG.java:1215)
	at org.testng.TestNG.runSuitesLocally(TestNG.java:1140)
	at org.testng.TestNG.run(TestNG.java:1048)
	at org.testng.remote.AbstractRemoteTestNG.run(AbstractRemoteTestNG.java:115)
	at org.testng.remote.RemoteTestNG.initAndRun(RemoteTestNG.java:251)
	at org.testng.remote.RemoteTestNG.main(RemoteTestNG.java:77)
</pre></div></td>
<td>0</td>
<td>null</td></tr>
</table><p>
</body>
</html>