<?xml version="1.0" encoding="UTF-8"?>
<!-- Generated by org.testng.reporters.JUnitXMLReporter -->
<testsuite hostname="LAPTOP-61F7FSPK" name="Test" tests="41" failures="2" timestamp="23 Jun 2022 03:09:19 GMT" time="54.973" errors="0">
  <testcase name="signIn" time="0.003" classname="day11.TestNGsamples.Example_Parameter4">
    <failure type="java.lang.ArithmeticException" message="/ by zero">
      <![CDATA[java.lang.ArithmeticException: / by zero
	at day11.TestNGsamples.Example_Parameter4.signIn(Example_Parameter4.java:18)
... Removed 24 stack frames]]>
    </failure>
  </testcase> <!-- signIn -->
  <testcase name="signIn" time="0.001" classname="day11.TestNGsamples.Example_Parameter5"/>
  <testcase name="signIn" time="0.001" classname="day11.TestNGsamples.Example_Parameter6"/>
  <testcase name="login" time="0.001" classname="day11.TestNGsamples.Example_Parameter7"/>
  <testcase name="testCase5" time="0.001" classname="day11.TestNGsamples.Example5"/>
  <testcase name="testCase6" time="0.001" classname="day11.TestNGsamples.Example5"/>
  <testcase name="testCase4" time="0.001" classname="day11.TestNGsamples.Example4"/>
  <testcase name="param1" time="0.0" classname="day11.TestNGsamples.Example_Parameter1"/>
  <testcase name="param1" time="0.001" classname="day11.TestNGsamples.Example_Parameter1"/>
  <testcase name="param1" time="0.001" classname="day11.TestNGsamples.Example_Parameter1"/>
  <testcase name="param1" time="0.001" classname="day11.TestNGsamples.Example_Parameter1"/>
  <testcase name="param1" time="0.0" classname="day11.TestNGsamples.Example_Parameter1"/>
  <testcase name="param1" time="0.0" classname="day11.TestNGsamples.Example_Parameter1"/>
  <testcase name="param1" time="0.0" classname="day11.TestNGsamples.Example_Parameter1"/>
  <testcase name="param1" time="0.001" classname="day11.TestNGsamples.Example_Parameter1"/>
  <testcase name="param1" time="0.0" classname="day11.TestNGsamples.Example_Parameter1"/>
  <testcase name="param1" time="0.0" classname="day11.TestNGsamples.Example_Parameter1"/>
  <testcase name="testCase3" time="2.012" classname="day11.TestNGsamples.Example3"/>
  <testcase name="testCase2" time="0.001" classname="day11.TestNGsamples.Example2"/>
  <testcase name="param1" time="0.001" classname="day11.TestNGsamples.Example_Parameter3"/>
  <testcase name="param3" time="0.001" classname="day11.TestNGsamples.Example_Parameter3"/>
  <testcase name="loginLogoutInActitimeApplication" time="25.997" classname="day11.TestNGsamples.Example8"/>
  <testcase name="loginLogoutInActitimeApplication" time="17.525" classname="day11.TestNGsamples.Example7"/>
  <testcase name="loginPageValidationInActitimeApplication" time="7.336" classname="day11.TestNGsamples.Example7"/>
  <testcase name="testCase7" time="0.002" classname="day11.TestNGsamples.Example6"/>
  <testcase name="testCase8" time="0.001" classname="day11.TestNGsamples.Example6"/>
  <testcase name="verifyLogin" time="0.0" classname="day11.TestNGsamples.Example_Annotations2"/>
  <testcase name="verifyLogin" time="0.0" classname="day11.TestNGsamples.Example_Annotations1"/>
  <testcase name="verifyLogin" time="0.0" classname="day11.TestNGsamples.Example_Annotations3"/>
  <testcase name="login" time="0.001" classname="day11.TestNGsamples.Example_Parameter2"/>
  <testcase name="createTask" time="0.001" classname="day11.TestNGsamples.Example_Annotations2"/>
  <testcase name="createTask" time="0.002" classname="day11.TestNGsamples.Example_Annotations1"/>
  <testcase name="createTask" time="0.001" classname="day11.TestNGsamples.Example_Annotations3"/>
  <testcase name="sendEmail" time="0.001" classname="day11.TestNGsamples.Example_Parameter2"/>
  <testcase name="logout" time="0.003" classname="day11.TestNGsamples.Example_Parameter2"/>
  <testcase name="login" time="0.0" classname="day11.TestNGsamples.Example_Parameter4">
    <skipped/>
  </testcase> <!-- login -->
  <testcase name="login" time="0.001" classname="day11.TestNGsamples.Example_Parameter5"/>
  <testcase name="login" time="0.001" classname="day11.TestNGsamples.Example_Parameter6"/>
  <testcase name="checkNotification" time="0.0" classname="day11.TestNGsamples.Example_Parameter4">
    <skipped/>
  </testcase> <!-- checkNotification -->
  <testcase name="checkNotification" time="0.0" classname="day11.TestNGsamples.Example_Parameter5"/>
  <testcase name="checkNotification" time="2.018" classname="day11.TestNGsamples.Example_Parameter6">
    <failure type="org.testng.internal.thread.ThreadTimeoutException" message="Method org.testng.internal.TestNGMethod.checkNotification() didn&amp;apos;t finish within the time-out 2000">
      <![CDATA[org.testng.internal.thread.ThreadTimeoutException: Method org.testng.internal.TestNGMethod.checkNotification() didn't finish within the time-out 2000
]]>
    </failure>
  </testcase> <!-- checkNotification -->
</testsuite> <!-- Test -->
